<?xml version="1.0" encoding="UTF-8"?>
<testng-results skipped="0" failed="0" ignored="0" total="1" passed="1">
  <reporter-output>
  </reporter-output>
  <suite name="Default suite" duration-ms="68245" started-at="2018-08-21T06:00:18Z" finished-at="2018-08-21T06:01:26Z">
    <groups>
    </groups>
    <test name="Default test" duration-ms="68245" started-at="2018-08-21T06:00:18Z" finished-at="2018-08-21T06:01:26Z">
      <class name="Cart">
        <test-method status="PASS" signature="Login()[pri:0, instance:Cart@1d29cf23]" name="Login" duration-ms="68210" started-at="2018-08-21T06:00:18Z" finished-at="2018-08-21T06:01:26Z">
          <reporter-output>
          </reporter-output>
        </test-method> <!-- Login -->
      </class> <!-- Cart -->
    </test> <!-- Default test -->
  </suite> <!-- Default suite -->
</testng-results>
